<?xml version="1.0" encoding="UTF-8"?>
<testsuite name="MainBankTest" tests="1" skipped="0" failures="1" errors="0" timestamp="2024-03-09T20:11:19" hostname="WIN-PK97IO7J39D" time="0.783">
  <properties/>
  <testcase name="start" classname="MainBankTest" time="0.783">
    <failure message="java.lang.AssertionError: Wrong answer in test #1&#10;&#10;Your program should print '1. Exchange Rates, 2. Chat Support, 3. Security Settings, 4. Exit' but it printed '1. Exchange Rate, 2. Logout'&#10;&#10;Please find below the output of your program during this failed test.&#10;Note that the '&gt;' character indicates the beginning of the input line.&#10;&#10;---&#10;&#10;Would you like to login or register?&#10;1. Login, 2. Register: &#10;&gt; 2&#10;Registration&#10;Login:&#10;&gt; 11805144712&#10;Password:&#10;&gt; nV1w2NU!rcSo4YE&#10;&#10;Enter the data again to complete the registration&#10;Login:&#10;&gt; 11805144712&#10;Password:&#10;&gt; nV1w2NU!rcSo4YE&#10;&#10;Congratulations on your successful registration!&#10;Now you can log in!&#10;&#10;Authorization&#10;Login:&#10;&gt; 11805144712&#10;Password:&#10;&gt; nV1w2NU!rcSo4YE&#10;Authorization successful&#10;&#10;Good to see you!&#10;Menu&#10;1. Exchange Rate, 2. Logout" type="java.lang.AssertionError">java.lang.AssertionError: Wrong answer in test #1

Your program should print '1. Exchange Rates, 2. Chat Support, 3. Security Settings, 4. Exit' but it printed '1. Exchange Rate, 2. Logout'

Please find below the output of your program during this failed test.
Note that the '&gt;' character indicates the beginning of the input line.

---

Would you like to login or register?
1. Login, 2. Register: 
&gt; 2
Registration
Login:
&gt; 11805144712
Password:
&gt; nV1w2NU!rcSo4YE

Enter the data again to complete the registration
Login:
&gt; 11805144712
Password:
&gt; nV1w2NU!rcSo4YE

Congratulations on your successful registration!
Now you can log in!

Authorization
Login:
&gt; 11805144712
Password:
&gt; nV1w2NU!rcSo4YE
Authorization successful

Good to see you!
Menu
1. Exchange Rate, 2. Logout
	at org.junit.Assert.fail(Assert.java:89)
	at org.hyperskill.hstest.stage.StageTest.start(StageTest.java:203)
	at java.base/jdk.internal.reflect.NativeMethodAccessorImpl.invoke0(Native Method)
	at java.base/jdk.internal.reflect.NativeMethodAccessorImpl.invoke(NativeMethodAccessorImpl.java:77)
	at java.base/jdk.internal.reflect.DelegatingMethodAccessorImpl.invoke(DelegatingMethodAccessorImpl.java:43)
	at java.base/java.lang.reflect.Method.invoke(Method.java:568)
	at org.junit.runners.model.FrameworkMethod$1.runReflectiveCall(FrameworkMethod.java:59)
	at org.junit.internal.runners.model.ReflectiveCallable.run(ReflectiveCallable.java:12)
	at org.junit.runners.model.FrameworkMethod.invokeExplosively(FrameworkMethod.java:56)
	at org.junit.internal.runners.statements.InvokeMethod.evaluate(InvokeMethod.java:17)
	at org.junit.runners.ParentRunner$3.evaluate(ParentRunner.java:306)
	at org.junit.runners.BlockJUnit4ClassRunner$1.evaluate(BlockJUnit4ClassRunner.java:100)
	at org.junit.runners.ParentRunner.runLeaf(ParentRunner.java:366)
	at org.junit.runners.BlockJUnit4ClassRunner.runChild(BlockJUnit4ClassRunner.java:103)
	at org.junit.runners.BlockJUnit4ClassRunner.runChild(BlockJUnit4ClassRunner.java:63)
	at org.junit.runners.ParentRunner$4.run(ParentRunner.java:331)
	at org.junit.runners.ParentRunner$1.schedule(ParentRunner.java:79)
	at org.junit.runners.ParentRunner.runChildren(ParentRunner.java:329)
	at org.junit.runners.ParentRunner.access$100(ParentRunner.java:66)
	at org.junit.runners.ParentRunner$2.evaluate(ParentRunner.java:293)
	at org.junit.runners.ParentRunner$3.evaluate(ParentRunner.java:306)
	at org.junit.runners.ParentRunner.run(ParentRunner.java:413)
	at org.gradle.api.internal.tasks.testing.junit.JUnitTestClassExecutor.runTestClass(JUnitTestClassExecutor.java:108)
	at org.gradle.api.internal.tasks.testing.junit.JUnitTestClassExecutor.execute(JUnitTestClassExecutor.java:57)
	at org.gradle.api.internal.tasks.testing.junit.JUnitTestClassExecutor.execute(JUnitTestClassExecutor.java:39)
	at org.gradle.api.internal.tasks.testing.junit.AbstractJUnitTestClassProcessor.processTestClass(AbstractJUnitTestClassProcessor.java:62)
	at org.gradle.api.internal.tasks.testing.SuiteTestClassProcessor.processTestClass(SuiteTestClassProcessor.java:52)
	at java.base/jdk.internal.reflect.NativeMethodAccessorImpl.invoke0(Native Method)
	at java.base/jdk.internal.reflect.NativeMethodAccessorImpl.invoke(NativeMethodAccessorImpl.java:77)
	at java.base/jdk.internal.reflect.DelegatingMethodAccessorImpl.invoke(DelegatingMethodAccessorImpl.java:43)
	at java.base/java.lang.reflect.Method.invoke(Method.java:568)
	at org.gradle.internal.dispatch.ReflectionDispatch.dispatch(ReflectionDispatch.java:36)
	at org.gradle.internal.dispatch.ReflectionDispatch.dispatch(ReflectionDispatch.java:24)
	at org.gradle.internal.dispatch.ContextClassLoaderDispatch.dispatch(ContextClassLoaderDispatch.java:33)
	at org.gradle.internal.dispatch.ProxyDispatchAdapter$DispatchingInvocationHandler.invoke(ProxyDispatchAdapter.java:94)
	at jdk.proxy1/jdk.proxy1.$Proxy2.processTestClass(Unknown Source)
	at org.gradle.api.internal.tasks.testing.worker.TestWorker$2.run(TestWorker.java:176)
	at org.gradle.api.internal.tasks.testing.worker.TestWorker.executeAndMaintainThreadName(TestWorker.java:129)
	at org.gradle.api.internal.tasks.testing.worker.TestWorker.execute(TestWorker.java:100)
	at org.gradle.api.internal.tasks.testing.worker.TestWorker.execute(TestWorker.java:60)
	at org.gradle.process.internal.worker.child.ActionExecutionWorker.execute(ActionExecutionWorker.java:56)
	at org.gradle.process.internal.worker.child.SystemApplicationClassLoaderWorker.call(SystemApplicationClassLoaderWorker.java:113)
	at org.gradle.process.internal.worker.child.SystemApplicationClassLoaderWorker.call(SystemApplicationClassLoaderWorker.java:65)
	at worker.org.gradle.process.internal.worker.GradleWorkerMain.run(GradleWorkerMain.java:69)
	at worker.org.gradle.process.internal.worker.GradleWorkerMain.main(GradleWorkerMain.java:74)
</failure>
  </testcase>
  <system-out><![CDATA[?[1;31m
Start test 1?[0m
Would you like to login or register?
1. Login, 2. Register: 
> 2
Registration
Login:
> 11805144712
Password:
> nV1w2NU!rcSo4YE

Enter the data again to complete the registration
Login:
> 11805144712
Password:
> nV1w2NU!rcSo4YE

Congratulations on your successful registration!
Now you can log in!

Authorization
Login:
> 11805144712
Password:
> nV1w2NU!rcSo4YE
Authorization successful

Good to see you!
Menu
1. Exchange Rate, 2. Logout
]]></system-out>
  <system-err><![CDATA[]]></system-err>
</testsuite>
